gpgv: Signature made Thu Apr 26 18:38:40 2018 CDT
gpgv:                using RSA key 3B4FE6ACC0B21F32
gpgv: Good signature from "Ubuntu Archive Automatic Signing Key (2012) <ftpmaster@ubuntu.com>"
dpkg: warning: parsing file '/var/lib/dpkg/status' near line 5 package 'dpkg':
 missing description
dpkg: warning: parsing file '/var/lib/dpkg/status' near line 5 package 'dpkg':
 missing architecture
Selecting previously unselected package base-passwd.
(Reading database ... 0 files and directories currently installed.)
Preparing to unpack .../base-passwd_3.5.44_amd64.deb ...
Unpacking base-passwd (3.5.44) ...
dpkg: base-passwd: dependency problems, but configuring anyway as you requested:
 base-passwd depends on libc6 (>= 2.8); however:
  Package libc6 is not installed.
 base-passwd depends on libdebconfclient0 (>= 0.145); however:
  Package libdebconfclient0 is not installed.

Setting up base-passwd (3.5.44) ...
dpkg: warning: parsing file '/var/lib/dpkg/status' near line 24 package 'dpkg':
 missing description
dpkg: warning: parsing file '/var/lib/dpkg/status' near line 24 package 'dpkg':
 missing architecture
Selecting previously unselected package base-files.
dpkg: regarding .../base-files_10.1ubuntu2_amd64.deb containing base-files, pre-dependency problem:
 base-files pre-depends on awk
  awk is not installed.

dpkg: warning: ignoring pre-dependency problem!
(Reading database ... 41 files and directories currently installed.)
Preparing to unpack .../base-files_10.1ubuntu2_amd64.deb ...
Unpacking base-files (10.1ubuntu2) ...
dpkg: base-files: dependency problems, but configuring anyway as you requested:
 base-files depends on awk; however:
  Package awk is not installed.

Setting up base-files (10.1ubuntu2) ...
dpkg: warning: parsing file '/var/lib/dpkg/status' near line 58 package 'dpkg':
 missing description
dpkg: warning: parsing file '/var/lib/dpkg/status' near line 58 package 'dpkg':
 missing architecture
dpkg: regarding .../dpkg_1.19.0.5ubuntu2_amd64.deb containing dpkg, pre-dependency problem:
 dpkg pre-depends on libbz2-1.0
  libbz2-1.0 is not installed.

dpkg: warning: ignoring pre-dependency problem!
dpkg: regarding .../dpkg_1.19.0.5ubuntu2_amd64.deb containing dpkg, pre-dependency problem:
 dpkg pre-depends on libc6 (>= 2.14)
  libc6 is not installed.

dpkg: warning: ignoring pre-dependency problem!
dpkg: regarding .../dpkg_1.19.0.5ubuntu2_amd64.deb containing dpkg, pre-dependency problem:
 dpkg pre-depends on liblzma5 (>= 5.2.2)
  liblzma5 is not installed.

dpkg: warning: ignoring pre-dependency problem!
dpkg: regarding .../dpkg_1.19.0.5ubuntu2_amd64.deb containing dpkg, pre-dependency problem:
 dpkg pre-depends on libselinux1 (>= 2.3)
  libselinux1 is not installed.

dpkg: warning: ignoring pre-dependency problem!
dpkg: regarding .../dpkg_1.19.0.5ubuntu2_amd64.deb containing dpkg, pre-dependency problem:
 dpkg pre-depends on libzstd1 (>= 1.3.2)
  libzstd1 is not installed.

dpkg: warning: ignoring pre-dependency problem!
dpkg: regarding .../dpkg_1.19.0.5ubuntu2_amd64.deb containing dpkg, pre-dependency problem:
 dpkg pre-depends on zlib1g (>= 1:1.1.4)
  zlib1g is not installed.

dpkg: warning: ignoring pre-dependency problem!
(Reading database ... 132 files and directories currently installed.)
Preparing to unpack .../dpkg_1.19.0.5ubuntu2_amd64.deb ...
Unpacking dpkg (1.19.0.5ubuntu2) over (1.19.0.5ubuntu2) ...
dpkg: dpkg: dependency problems, but configuring anyway as you requested:
 dpkg depends on libbz2-1.0; however:
  Package libbz2-1.0 is not installed.
 dpkg depends on libc6 (>= 2.14); however:
  Package libc6 is not installed.
 dpkg depends on liblzma5 (>= 5.2.2); however:
  Package liblzma5 is not installed.
 dpkg depends on libselinux1 (>= 2.3); however:
  Package libselinux1 is not installed.
 dpkg depends on libzstd1 (>= 1.3.2); however:
  Package libzstd1 is not installed.
 dpkg depends on zlib1g (>= 1:1.1.4); however:
  Package zlib1g is not installed.
 dpkg depends on tar (>= 1.28-1); however:
  Package tar is not installed.

Setting up dpkg (1.19.0.5ubuntu2) ...
Selecting previously unselected package libc6:amd64.
(Reading database ... 380 files and directories currently installed.)
Preparing to unpack .../libc6_2.27-3ubuntu1_amd64.deb ...
Unpacking libc6:amd64 (2.27-3ubuntu1) ...
dpkg: libc6:amd64: dependency problems, but configuring anyway as you requested:
 libc6:amd64 depends on libgcc1; however:
  Package libgcc1 is not installed.

Setting up libc6:amd64 (2.27-3ubuntu1) ...
Selecting previously unselected package perl-base.
(Reading database ... 697 files and directories currently installed.)
Preparing to unpack .../perl-base_5.26.1-6_amd64.deb ...
Unpacking perl-base (5.26.1-6) ...
Setting up perl-base (5.26.1-6) ...
Selecting previously unselected package mawk.
(Reading database ... 1344 files and directories currently installed.)
Preparing to unpack .../mawk_1.3.3-17ubuntu3_amd64.deb ...
Unpacking mawk (1.3.3-17ubuntu3) ...
Setting up mawk (1.3.3-17ubuntu3) ...
Selecting previously unselected package debconf.
(Reading database ... 1362 files and directories currently installed.)
Preparing to unpack .../debconf_1.5.66_all.deb ...
Unpacking debconf (1.5.66) ...
Setting up debconf (1.5.66) ...
(Reading database ... 1536 files and directories currently installed.)
Preparing to unpack .../base-files_10.1ubuntu2_amd64.deb ...
Unpacking base-files (10.1ubuntu2) over (10.1ubuntu2) ...
Preparing to unpack .../base-passwd_3.5.44_amd64.deb ...
Unpacking base-passwd (3.5.44) over (3.5.44) ...
Selecting previously unselected package bash.
dpkg: regarding .../bash_4.4.18-2ubuntu1_amd64.deb containing bash, pre-dependency problem:
 bash pre-depends on libtinfo5 (>= 6)
  libtinfo5 is not installed.

dpkg: warning: ignoring pre-dependency problem!
Preparing to unpack .../bash_4.4.18-2ubuntu1_amd64.deb ...
Unpacking bash (4.4.18-2ubuntu1) ...
Selecting previously unselected package bsdutils.
dpkg: regarding .../bsdutils_1%3a2.31.1-0.4ubuntu3_amd64.deb containing bsdutils, pre-dependency problem:
 bsdutils pre-depends on libsystemd0
  libsystemd0 is not installed.

dpkg: warning: ignoring pre-dependency problem!
Preparing to unpack .../bsdutils_1%3a2.31.1-0.4ubuntu3_amd64.deb ...
Unpacking bsdutils (1:2.31.1-0.4ubuntu3) ...
Selecting previously unselected package coreutils.
dpkg: regarding .../coreutils_8.28-1ubuntu1_amd64.deb containing coreutils, pre-dependency problem:
 coreutils pre-depends on libacl1 (>= 2.2.51-8)
  libacl1 is not installed.

dpkg: warning: ignoring pre-dependency problem!
dpkg: regarding .../coreutils_8.28-1ubuntu1_amd64.deb containing coreutils, pre-dependency problem:
 coreutils pre-depends on libattr1 (>= 1:2.4.46-8)
  libattr1 is not installed.

dpkg: warning: ignoring pre-dependency problem!
dpkg: regarding .../coreutils_8.28-1ubuntu1_amd64.deb containing coreutils, pre-dependency problem:
 coreutils pre-depends on libselinux1 (>= 2.1.13)
  libselinux1 is not installed.

dpkg: warning: ignoring pre-dependency problem!
Preparing to unpack .../coreutils_8.28-1ubuntu1_amd64.deb ...
Unpacking coreutils (8.28-1ubuntu1) ...
Selecting previously unselected package dash.
Preparing to unpack .../dash_0.5.8-2.10_amd64.deb ...
No diversion 'diversion of /bin/sh by dash', none removed.
Adding 'diversion of /bin/sh to /bin/sh.distrib by bash'
No diversion 'diversion of /usr/share/man/man1/sh.1.gz by dash', none removed.
Adding 'diversion of /usr/share/man/man1/sh.1.gz to /usr/share/man/man1/sh.distrib.1.gz by bash'
Unpacking dash (0.5.8-2.10) ...
Preparing to unpack .../debconf_1.5.66_all.deb ...
Unpacking debconf (1.5.66) over (1.5.66) ...
Selecting previously unselected package debianutils.
Preparing to unpack .../debianutils_4.8.4_amd64.deb ...
Unpacking debianutils (4.8.4) ...
Selecting previously unselected package diffutils.
Preparing to unpack .../diffutils_1%3a3.6-1_amd64.deb ...
Unpacking diffutils (1:3.6-1) ...
dpkg: regarding .../dpkg_1.19.0.5ubuntu2_amd64.deb containing dpkg, pre-dependency problem:
 dpkg pre-depends on libbz2-1.0
  libbz2-1.0 is not installed.

dpkg: warning: ignoring pre-dependency problem!
dpkg: regarding .../dpkg_1.19.0.5ubuntu2_amd64.deb containing dpkg, pre-dependency problem:
 dpkg pre-depends on liblzma5 (>= 5.2.2)
  liblzma5 is not installed.

dpkg: warning: ignoring pre-dependency problem!
dpkg: regarding .../dpkg_1.19.0.5ubuntu2_amd64.deb containing dpkg, pre-dependency problem:
 dpkg pre-depends on libselinux1 (>= 2.3)
  libselinux1 is not installed.

dpkg: warning: ignoring pre-dependency problem!
dpkg: regarding .../dpkg_1.19.0.5ubuntu2_amd64.deb containing dpkg, pre-dependency problem:
 dpkg pre-depends on libzstd1 (>= 1.3.2)
  libzstd1 is not installed.

dpkg: warning: ignoring pre-dependency problem!
dpkg: regarding .../dpkg_1.19.0.5ubuntu2_amd64.deb containing dpkg, pre-dependency problem:
 dpkg pre-depends on zlib1g (>= 1:1.1.4)
  zlib1g is not installed.

dpkg: warning: ignoring pre-dependency problem!
Preparing to unpack .../dpkg_1.19.0.5ubuntu2_amd64.deb ...
Unpacking dpkg (1.19.0.5ubuntu2) over (1.19.0.5ubuntu2) ...
Selecting previously unselected package e2fsprogs.
dpkg: regarding .../e2fsprogs_1.44.1-1_amd64.deb containing e2fsprogs, pre-dependency problem:
 e2fsprogs pre-depends on libblkid1 (>= 2.17.2)
  libblkid1 is not installed.

dpkg: warning: ignoring pre-dependency problem!
dpkg: regarding .../e2fsprogs_1.44.1-1_amd64.deb containing e2fsprogs, pre-dependency problem:
 e2fsprogs pre-depends on libcom-err2 (>= 1.42~WIP-2011-10-05-1)
  libcom-err2 is not installed.

dpkg: warning: ignoring pre-dependency problem!
dpkg: regarding .../e2fsprogs_1.44.1-1_amd64.deb containing e2fsprogs, pre-dependency problem:
 e2fsprogs pre-depends on libext2fs2 (= 1.44.1-1)
  libext2fs2 is not installed.

dpkg: warning: ignoring pre-dependency problem!
dpkg: regarding .../e2fsprogs_1.44.1-1_amd64.deb containing e2fsprogs, pre-dependency problem:
 e2fsprogs pre-depends on libss2 (>= 1.34-1)
  libss2 is not installed.

dpkg: warning: ignoring pre-dependency problem!
dpkg: regarding .../e2fsprogs_1.44.1-1_amd64.deb containing e2fsprogs, pre-dependency problem:
 e2fsprogs pre-depends on libuuid1 (>= 2.16)
  libuuid1 is not installed.

dpkg: warning: ignoring pre-dependency problem!
Preparing to unpack .../e2fsprogs_1.44.1-1_amd64.deb ...
Unpacking e2fsprogs (1.44.1-1) ...
Selecting previously unselected package fdisk.
Preparing to unpack .../fdisk_2.31.1-0.4ubuntu3_amd64.deb ...
Unpacking fdisk (2.31.1-0.4ubuntu3) ...
Selecting previously unselected package findutils.
dpkg: regarding .../findutils_4.6.0+git+20170828-2_amd64.deb containing findutils, pre-dependency problem:
 findutils pre-depends on libselinux1 (>= 1.32)
  libselinux1 is not installed.

dpkg: warning: ignoring pre-dependency problem!
Preparing to unpack .../findutils_4.6.0+git+20170828-2_amd64.deb ...
Unpacking findutils (4.6.0+git+20170828-2) ...
Selecting previously unselected package gcc-8-base:amd64.
Preparing to unpack .../gcc-8-base_8-20180414-1ubuntu2_amd64.deb ...
Unpacking gcc-8-base:amd64 (8-20180414-1ubuntu2) ...
Selecting previously unselected package grep.
dpkg: regarding .../archives/grep_3.1-2_amd64.deb containing grep, pre-dependency problem:
 grep pre-depends on libpcre3
  libpcre3 is not installed.

dpkg: warning: ignoring pre-dependency problem!
Preparing to unpack .../archives/grep_3.1-2_amd64.deb ...
Unpacking grep (3.1-2) ...
Selecting previously unselected package gzip.
Preparing to unpack .../gzip_1.6-5ubuntu1_amd64.deb ...
Unpacking gzip (1.6-5ubuntu1) ...
Selecting previously unselected package hostname.
Preparing to unpack .../hostname_3.20_amd64.deb ...
Unpacking hostname (3.20) ...
Selecting previously unselected package init-system-helpers.
Preparing to unpack .../init-system-helpers_1.51_all.deb ...
Unpacking init-system-helpers (1.51) ...
Selecting previously unselected package libacl1:amd64.
Preparing to unpack .../libacl1_2.2.52-3build1_amd64.deb ...
Unpacking libacl1:amd64 (2.2.52-3build1) ...
Selecting previously unselected package libattr1:amd64.
Preparing to unpack .../libattr1_1%3a2.4.47-2build1_amd64.deb ...
Unpacking libattr1:amd64 (1:2.4.47-2build1) ...
Selecting previously unselected package libaudit-common.
Preparing to unpack .../libaudit-common_1%3a2.8.2-1ubuntu1_all.deb ...
Unpacking libaudit-common (1:2.8.2-1ubuntu1) ...
Selecting previously unselected package libaudit1:amd64.
Preparing to unpack .../libaudit1_1%3a2.8.2-1ubuntu1_amd64.deb ...
Unpacking libaudit1:amd64 (1:2.8.2-1ubuntu1) ...
Selecting previously unselected package libblkid1:amd64.
Preparing to unpack .../libblkid1_2.31.1-0.4ubuntu3_amd64.deb ...
Unpacking libblkid1:amd64 (2.31.1-0.4ubuntu3) ...
Selecting previously unselected package libbz2-1.0:amd64.
Preparing to unpack .../libbz2-1.0_1.0.6-8.1_amd64.deb ...
Unpacking libbz2-1.0:amd64 (1.0.6-8.1) ...
Selecting previously unselected package libc-bin.
Preparing to unpack .../libc-bin_2.27-3ubuntu1_amd64.deb ...
Unpacking libc-bin (2.27-3ubuntu1) ...
Preparing to unpack .../libc6_2.27-3ubuntu1_amd64.deb ...
Unpacking libc6:amd64 (2.27-3ubuntu1) over (2.27-3ubuntu1) ...
Selecting previously unselected package libcap-ng0:amd64.
Preparing to unpack .../libcap-ng0_0.7.7-3.1_amd64.deb ...
Unpacking libcap-ng0:amd64 (0.7.7-3.1) ...
Selecting previously unselected package libcom-err2:amd64.
Preparing to unpack .../libcom-err2_1.44.1-1_amd64.deb ...
Unpacking libcom-err2:amd64 (1.44.1-1) ...
Selecting previously unselected package libdb5.3:amd64.
Preparing to unpack .../libdb5.3_5.3.28-13.1ubuntu1_amd64.deb ...
Unpacking libdb5.3:amd64 (5.3.28-13.1ubuntu1) ...
Selecting previously unselected package libdebconfclient0:amd64.
Preparing to unpack .../libdebconfclient0_0.213ubuntu1_amd64.deb ...
Unpacking libdebconfclient0:amd64 (0.213ubuntu1) ...
Selecting previously unselected package libext2fs2:amd64.
Preparing to unpack .../libext2fs2_1.44.1-1_amd64.deb ...
Unpacking libext2fs2:amd64 (1.44.1-1) ...
Selecting previously unselected package libfdisk1:amd64.
Preparing to unpack .../libfdisk1_2.31.1-0.4ubuntu3_amd64.deb ...
Unpacking libfdisk1:amd64 (2.31.1-0.4ubuntu3) ...
Selecting previously unselected package libgcc1:amd64.
Preparing to unpack .../libgcc1_1%3a8-20180414-1ubuntu2_amd64.deb ...
Unpacking libgcc1:amd64 (1:8-20180414-1ubuntu2) ...
Selecting previously unselected package libgcrypt20:amd64.
Preparing to unpack .../libgcrypt20_1.8.1-4ubuntu1_amd64.deb ...
Unpacking libgcrypt20:amd64 (1.8.1-4ubuntu1) ...
Selecting previously unselected package libgpg-error0:amd64.
Preparing to unpack .../libgpg-error0_1.27-6_amd64.deb ...
Unpacking libgpg-error0:amd64 (1.27-6) ...
Selecting previously unselected package liblz4-1:amd64.
Preparing to unpack .../liblz4-1_0.0~r131-2ubuntu3_amd64.deb ...
Unpacking liblz4-1:amd64 (0.0~r131-2ubuntu3) ...
Selecting previously unselected package liblzma5:amd64.
Preparing to unpack .../liblzma5_5.2.2-1.3_amd64.deb ...
Unpacking liblzma5:amd64 (5.2.2-1.3) ...
Selecting previously unselected package libmount1:amd64.
Preparing to unpack .../libmount1_2.31.1-0.4ubuntu3_amd64.deb ...
Unpacking libmount1:amd64 (2.31.1-0.4ubuntu3) ...
Selecting previously unselected package libncurses5:amd64.
Preparing to unpack .../libncurses5_6.1-1ubuntu1_amd64.deb ...
Unpacking libncurses5:amd64 (6.1-1ubuntu1) ...
Selecting previously unselected package libncursesw5:amd64.
Preparing to unpack .../libncursesw5_6.1-1ubuntu1_amd64.deb ...
Unpacking libncursesw5:amd64 (6.1-1ubuntu1) ...
Selecting previously unselected package libpam-modules:amd64.
dpkg: regarding .../libpam-modules_1.1.8-3.6ubuntu2_amd64.deb containing libpam-modules:amd64, pre-dependency problem:
 libpam-modules pre-depends on libaudit1 (>= 1:2.2.1)
  libaudit1:amd64 is unpacked, but has never been configured.

dpkg: warning: ignoring pre-dependency problem!
dpkg: regarding .../libpam-modules_1.1.8-3.6ubuntu2_amd64.deb containing libpam-modules:amd64, pre-dependency problem:
 libpam-modules pre-depends on libdb5.3
  libdb5.3:amd64 is unpacked, but has never been configured.

dpkg: warning: ignoring pre-dependency problem!
dpkg: regarding .../libpam-modules_1.1.8-3.6ubuntu2_amd64.deb containing libpam-modules:amd64, pre-dependency problem:
 libpam-modules pre-depends on libpam0g (>= 1.1.3-2)
  libpam0g is not installed.

dpkg: warning: ignoring pre-dependency problem!
dpkg: regarding .../libpam-modules_1.1.8-3.6ubuntu2_amd64.deb containing libpam-modules:amd64, pre-dependency problem:
 libpam-modules pre-depends on libselinux1 (>= 2.1.9)
  libselinux1 is not installed.

dpkg: warning: ignoring pre-dependency problem!
dpkg: regarding .../libpam-modules_1.1.8-3.6ubuntu2_amd64.deb containing libpam-modules:amd64, pre-dependency problem:
 libpam-modules pre-depends on libpam-modules-bin (= 1.1.8-3.6ubuntu2)
  libpam-modules-bin is not installed.

dpkg: warning: ignoring pre-dependency problem!
Preparing to unpack .../libpam-modules_1.1.8-3.6ubuntu2_amd64.deb ...
Unpacking libpam-modules:amd64 (1.1.8-3.6ubuntu2) ...
Selecting previously unselected package libpam-modules-bin.
Preparing to unpack .../libpam-modules-bin_1.1.8-3.6ubuntu2_amd64.deb ...
Unpacking libpam-modules-bin (1.1.8-3.6ubuntu2) ...
Selecting previously unselected package libpam-runtime.
Preparing to unpack .../libpam-runtime_1.1.8-3.6ubuntu2_all.deb ...
Unpacking libpam-runtime (1.1.8-3.6ubuntu2) ...
Selecting previously unselected package libpam0g:amd64.
Preparing to unpack .../libpam0g_1.1.8-3.6ubuntu2_amd64.deb ...
Unpacking libpam0g:amd64 (1.1.8-3.6ubuntu2) ...
Selecting previously unselected package libpcre3:amd64.
Preparing to unpack .../libpcre3_2%3a8.39-9_amd64.deb ...
Unpacking libpcre3:amd64 (2:8.39-9) ...
Selecting previously unselected package libprocps6:amd64.
Preparing to unpack .../libprocps6_2%3a3.3.12-3ubuntu1_amd64.deb ...
Unpacking libprocps6:amd64 (2:3.3.12-3ubuntu1) ...
Selecting previously unselected package libselinux1:amd64.
Preparing to unpack .../libselinux1_2.7-2build2_amd64.deb ...
Unpacking libselinux1:amd64 (2.7-2build2) ...
Selecting previously unselected package libsemanage-common.
Preparing to unpack .../libsemanage-common_2.7-2build2_all.deb ...
Unpacking libsemanage-common (2.7-2build2) ...
Selecting previously unselected package libsemanage1:amd64.
Preparing to unpack .../libsemanage1_2.7-2build2_amd64.deb ...
Unpacking libsemanage1:amd64 (2.7-2build2) ...
Selecting previously unselected package libsepol1:amd64.
Preparing to unpack .../libsepol1_2.7-1_amd64.deb ...
Unpacking libsepol1:amd64 (2.7-1) ...
Selecting previously unselected package libsmartcols1:amd64.
Preparing to unpack .../libsmartcols1_2.31.1-0.4ubuntu3_amd64.deb ...
Unpacking libsmartcols1:amd64 (2.31.1-0.4ubuntu3) ...
Selecting previously unselected package libss2:amd64.
Preparing to unpack .../libss2_1.44.1-1_amd64.deb ...
Unpacking libss2:amd64 (1.44.1-1) ...
Selecting previously unselected package libsystemd0:amd64.
dpkg: regarding .../libsystemd0_237-3ubuntu10_amd64.deb containing libsystemd0:amd64, pre-dependency problem:
 libsystemd0 pre-depends on libgcrypt20 (>= 1.8.0)
  libgcrypt20:amd64 is unpacked, but has never been configured.

dpkg: warning: ignoring pre-dependency problem!
dpkg: regarding .../libsystemd0_237-3ubuntu10_amd64.deb containing libsystemd0:amd64, pre-dependency problem:
 libsystemd0 pre-depends on liblz4-1 (>= 0.0~r113)
  liblz4-1:amd64 is unpacked, but has never been configured.

dpkg: warning: ignoring pre-dependency problem!
dpkg: regarding .../libsystemd0_237-3ubuntu10_amd64.deb containing libsystemd0:amd64, pre-dependency problem:
 libsystemd0 pre-depends on liblzma5 (>= 5.1.1alpha+20120614)
  liblzma5:amd64 is unpacked, but has never been configured.

dpkg: warning: ignoring pre-dependency problem!
Preparing to unpack .../libsystemd0_237-3ubuntu10_amd64.deb ...
Unpacking libsystemd0:amd64 (237-3ubuntu10) ...
Selecting previously unselected package libtinfo5:amd64.
Preparing to unpack .../libtinfo5_6.1-1ubuntu1_amd64.deb ...
Unpacking libtinfo5:amd64 (6.1-1ubuntu1) ...
Selecting previously unselected package libudev1:amd64.
Preparing to unpack .../libudev1_237-3ubuntu10_amd64.deb ...
Unpacking libudev1:amd64 (237-3ubuntu10) ...
Selecting previously unselected package libuuid1:amd64.
Preparing to unpack .../libuuid1_2.31.1-0.4ubuntu3_amd64.deb ...
Unpacking libuuid1:amd64 (2.31.1-0.4ubuntu3) ...
Selecting previously unselected package libzstd1:amd64.
Preparing to unpack .../libzstd1_1.3.3+dfsg-2ubuntu1_amd64.deb ...
Unpacking libzstd1:amd64 (1.3.3+dfsg-2ubuntu1) ...
Selecting previously unselected package login.
dpkg: regarding .../login_1%3a4.5-1ubuntu1_amd64.deb containing login, pre-dependency problem:
 login pre-depends on libaudit1 (>= 1:2.2.1)
  libaudit1:amd64 is unpacked, but has never been configured.

dpkg: warning: ignoring pre-dependency problem!
dpkg: regarding .../login_1%3a4.5-1ubuntu1_amd64.deb containing login, pre-dependency problem:
 login pre-depends on libpam0g (>= 0.99.7.1)
  libpam0g:amd64 is unpacked, but has never been configured.

dpkg: warning: ignoring pre-dependency problem!
dpkg: regarding .../login_1%3a4.5-1ubuntu1_amd64.deb containing login, pre-dependency problem:
 login pre-depends on libpam-runtime
  libpam-runtime is unpacked, but has never been configured.

dpkg: warning: ignoring pre-dependency problem!
dpkg: regarding .../login_1%3a4.5-1ubuntu1_amd64.deb containing login, pre-dependency problem:
 login pre-depends on libpam-modules (>= 1.1.8-1)
  libpam-modules:amd64 is unpacked, but has never been configured.

dpkg: warning: ignoring pre-dependency problem!
Preparing to unpack .../login_1%3a4.5-1ubuntu1_amd64.deb ...
Unpacking login (1:4.5-1ubuntu1) ...
Selecting previously unselected package lsb-base.
Preparing to unpack .../lsb-base_9.20170808ubuntu1_all.deb ...
Unpacking lsb-base (9.20170808ubuntu1) ...
Preparing to unpack .../mawk_1.3.3-17ubuntu3_amd64.deb ...
Unpacking mawk (1.3.3-17ubuntu3) over (1.3.3-17ubuntu3) ...
Selecting previously unselected package mount.
dpkg: regarding .../mount_2.31.1-0.4ubuntu3_amd64.deb containing mount, pre-dependency problem:
 mount pre-depends on libblkid1 (>= 2.17.2)
  libblkid1:amd64 is unpacked, but has never been configured.

dpkg: warning: ignoring pre-dependency problem!
dpkg: regarding .../mount_2.31.1-0.4ubuntu3_amd64.deb containing mount, pre-dependency problem:
 mount pre-depends on libmount1 (>= 2.30.2)
  libmount1:amd64 is unpacked, but has never been configured.

dpkg: warning: ignoring pre-dependency problem!
dpkg: regarding .../mount_2.31.1-0.4ubuntu3_amd64.deb containing mount, pre-dependency problem:
 mount pre-depends on libsmartcols1 (>= 2.27~rc1)
  libsmartcols1:amd64 is unpacked, but has never been configured.

dpkg: warning: ignoring pre-dependency problem!
Preparing to unpack .../mount_2.31.1-0.4ubuntu3_amd64.deb ...
Unpacking mount (2.31.1-0.4ubuntu3) ...
Selecting previously unselected package ncurses-base.
Preparing to unpack .../ncurses-base_6.1-1ubuntu1_all.deb ...
Unpacking ncurses-base (6.1-1ubuntu1) ...
Selecting previously unselected package ncurses-bin.
dpkg: regarding .../ncurses-bin_6.1-1ubuntu1_amd64.deb containing ncurses-bin, pre-dependency problem:
 ncurses-bin pre-depends on libtinfo5 (>= 6.1)
  libtinfo5:amd64 is unpacked, but has never been configured.

dpkg: warning: ignoring pre-dependency problem!
Preparing to unpack .../ncurses-bin_6.1-1ubuntu1_amd64.deb ...
Unpacking ncurses-bin (6.1-1ubuntu1) ...
Selecting previously unselected package passwd.
Preparing to unpack .../passwd_1%3a4.5-1ubuntu1_amd64.deb ...
Unpacking passwd (1:4.5-1ubuntu1) ...
Preparing to unpack .../perl-base_5.26.1-6_amd64.deb ...
Unpacking perl-base (5.26.1-6) over (5.26.1-6) ...
Selecting previously unselected package procps.
Preparing to unpack .../procps_2%3a3.3.12-3ubuntu1_amd64.deb ...
Unpacking procps (2:3.3.12-3ubuntu1) ...
Selecting previously unselected package sed.
dpkg: regarding .../archives/sed_4.4-2_amd64.deb containing sed, pre-dependency problem:
 sed pre-depends on libselinux1 (>= 1.32)
  libselinux1:amd64 is unpacked, but has never been configured.

dpkg: warning: ignoring pre-dependency problem!
Preparing to unpack .../archives/sed_4.4-2_amd64.deb ...
Unpacking sed (4.4-2) ...
Selecting previously unselected package sensible-utils.
Preparing to unpack .../sensible-utils_0.0.12_all.deb ...
Unpacking sensible-utils (0.0.12) ...
Selecting previously unselected package sysvinit-utils.
Preparing to unpack .../sysvinit-utils_2.88dsf-59.10ubuntu1_amd64.deb ...
Unpacking sysvinit-utils (2.88dsf-59.10ubuntu1) ...
Selecting previously unselected package tar.
dpkg: regarding .../archives/tar_1.29b-2_amd64.deb containing tar, pre-dependency problem:
 tar pre-depends on libacl1 (>= 2.2.51-8)
  libacl1:amd64 is unpacked, but has never been configured.

dpkg: warning: ignoring pre-dependency problem!
dpkg: regarding .../archives/tar_1.29b-2_amd64.deb containing tar, pre-dependency problem:
 tar pre-depends on libselinux1 (>= 1.32)
  libselinux1:amd64 is unpacked, but has never been configured.

dpkg: warning: ignoring pre-dependency problem!
Preparing to unpack .../archives/tar_1.29b-2_amd64.deb ...
Unpacking tar (1.29b-2) ...
Selecting previously unselected package util-linux.
dpkg: regarding .../util-linux_2.31.1-0.4ubuntu3_amd64.deb containing util-linux, pre-dependency problem:
 util-linux pre-depends on libaudit1 (>= 1:2.2.1)
  libaudit1:amd64 is unpacked, but has never been configured.

dpkg: warning: ignoring pre-dependency problem!
dpkg: regarding .../util-linux_2.31.1-0.4ubuntu3_amd64.deb containing util-linux, pre-dependency problem:
 util-linux pre-depends on libblkid1 (>= 2.31.1)
  libblkid1:amd64 is unpacked, but has never been configured.

dpkg: warning: ignoring pre-dependency problem!
dpkg: regarding .../util-linux_2.31.1-0.4ubuntu3_amd64.deb containing util-linux, pre-dependency problem:
 util-linux pre-depends on libmount1 (>= 2.25)
  libmount1:amd64 is unpacked, but has never been configured.

dpkg: warning: ignoring pre-dependency problem!
dpkg: regarding .../util-linux_2.31.1-0.4ubuntu3_amd64.deb containing util-linux, pre-dependency problem:
 util-linux pre-depends on libpam0g (>= 0.99.7.1)
  libpam0g:amd64 is unpacked, but has never been configured.

dpkg: warning: ignoring pre-dependency problem!
dpkg: regarding .../util-linux_2.31.1-0.4ubuntu3_amd64.deb containing util-linux, pre-dependency problem:
 util-linux pre-depends on libselinux1 (>= 2.6-3~)
  libselinux1:amd64 is unpacked, but has never been configured.

dpkg: warning: ignoring pre-dependency problem!
dpkg: regarding .../util-linux_2.31.1-0.4ubuntu3_amd64.deb containing util-linux, pre-dependency problem:
 util-linux pre-depends on libsmartcols1 (>= 2.30.2)
  libsmartcols1:amd64 is unpacked, but has never been configured.

dpkg: warning: ignoring pre-dependency problem!
dpkg: regarding .../util-linux_2.31.1-0.4ubuntu3_amd64.deb containing util-linux, pre-dependency problem:
 util-linux pre-depends on libsystemd0
  libsystemd0:amd64 is unpacked, but has never been configured.

dpkg: warning: ignoring pre-dependency problem!
dpkg: regarding .../util-linux_2.31.1-0.4ubuntu3_amd64.deb containing util-linux, pre-dependency problem:
 util-linux pre-depends on libtinfo5 (>= 6)
  libtinfo5:amd64 is unpacked, but has never been configured.

dpkg: warning: ignoring pre-dependency problem!
dpkg: regarding .../util-linux_2.31.1-0.4ubuntu3_amd64.deb containing util-linux, pre-dependency problem:
 util-linux pre-depends on libudev1 (>= 183)
  libudev1:amd64 is unpacked, but has never been configured.

dpkg: warning: ignoring pre-dependency problem!
dpkg: regarding .../util-linux_2.31.1-0.4ubuntu3_amd64.deb containing util-linux, pre-dependency problem:
 util-linux pre-depends on libuuid1 (>= 2.16)
  libuuid1:amd64 is unpacked, but has never been configured.

dpkg: warning: ignoring pre-dependency problem!
dpkg: regarding .../util-linux_2.31.1-0.4ubuntu3_amd64.deb containing util-linux, pre-dependency problem:
 util-linux pre-depends on zlib1g (>= 1:1.1.4)
  zlib1g is not installed.

dpkg: warning: ignoring pre-dependency problem!
Preparing to unpack .../util-linux_2.31.1-0.4ubuntu3_amd64.deb ...
Unpacking util-linux (2.31.1-0.4ubuntu3) ...
Selecting previously unselected package zlib1g:amd64.
Preparing to unpack .../zlib1g_1%3a1.2.11.dfsg-0ubuntu2_amd64.deb ...
Unpacking zlib1g:amd64 (1:1.2.11.dfsg-0ubuntu2) ...
Setting up lsb-base (9.20170808ubuntu1) ...
Setting up sensible-utils (0.0.12) ...
Setting up ncurses-base (6.1-1ubuntu1) ...
Setting up libsemanage-common (2.7-2build2) ...
Setting up gcc-8-base:amd64 (8-20180414-1ubuntu2) ...
Setting up libaudit-common (1:2.8.2-1ubuntu1) ...
Setting up libc6:amd64 (2.27-3ubuntu1) ...
Setting up libpcre3:amd64 (2:8.39-9) ...
Setting up libbz2-1.0:amd64 (1.0.6-8.1) ...
Setting up libgpg-error0:amd64 (1.27-6) ...
Setting up libc-bin (2.27-3ubuntu1) ...
Setting up libdebconfclient0:amd64 (0.213ubuntu1) ...
Setting up libselinux1:amd64 (2.7-2build2) ...
Setting up diffutils (1:3.6-1) ...
Setting up findutils (4.6.0+git+20170828-2) ...
Setting up libcap-ng0:amd64 (0.7.7-3.1) ...
Setting up libext2fs2:amd64 (1.44.1-1) ...
Setting up libsepol1:amd64 (2.7-1) ...
Setting up libgcc1:amd64 (1:8-20180414-1ubuntu2) ...
Setting up sed (4.4-2) ...
Setting up libsmartcols1:amd64 (2.31.1-0.4ubuntu3) ...
Setting up libcom-err2:amd64 (1.44.1-1) ...
Setting up libaudit1:amd64 (1:2.8.2-1ubuntu1) ...
Setting up libtinfo5:amd64 (6.1-1ubuntu1) ...
Setting up libudev1:amd64 (237-3ubuntu10) ...
Setting up libattr1:amd64 (1:2.4.47-2build1) ...
Setting up libss2:amd64 (1.44.1-1) ...
Setting up liblzma5:amd64 (5.2.2-1.3) ...
Setting up base-passwd (3.5.44) ...
Setting up liblz4-1:amd64 (0.0~r131-2ubuntu3) ...
Setting up debianutils (4.8.4) ...
Setting up libgcrypt20:amd64 (1.8.1-4ubuntu1) ...
Setting up libncursesw5:amd64 (6.1-1ubuntu1) ...
Setting up libuuid1:amd64 (2.31.1-0.4ubuntu3) ...
Setting up libdb5.3:amd64 (5.3.28-13.1ubuntu1) ...
Setting up zlib1g:amd64 (1:1.2.11.dfsg-0ubuntu2) ...
Setting up hostname (3.20) ...
Setting up mawk (1.3.3-17ubuntu3) ...
Setting up libsystemd0:amd64 (237-3ubuntu10) ...
Setting up libzstd1:amd64 (1.3.3+dfsg-2ubuntu1) ...
Setting up libprocps6:amd64 (2:3.3.12-3ubuntu1) ...
Setting up libblkid1:amd64 (2.31.1-0.4ubuntu3) ...
Setting up base-files (10.1ubuntu2) ...
Setting up libsemanage1:amd64 (2.7-2build2) ...
Setting up libmount1:amd64 (2.31.1-0.4ubuntu3) ...
Setting up libacl1:amd64 (2.2.52-3build1) ...
Setting up ncurses-bin (6.1-1ubuntu1) ...
Setting up libncurses5:amd64 (6.1-1ubuntu1) ...
Setting up bash (4.4.18-2ubuntu1) ...
update-alternatives: using /usr/share/man/man7/bash-builtins.7.gz to provide /usr/share/man/man7/builtins.7.gz (builtins.7.gz) in auto mode
Setting up bsdutils (1:2.31.1-0.4ubuntu3) ...
Setting up libfdisk1:amd64 (2.31.1-0.4ubuntu3) ...
Setting up coreutils (8.28-1ubuntu1) ...
Setting up e2fsprogs (1.44.1-1) ...
Setting up tar (1.29b-2) ...
update-alternatives: using /usr/sbin/rmt-tar to provide /usr/sbin/rmt (rmt) in auto mode
Setting up dpkg (1.19.0.5ubuntu2) ...
Setting up fdisk (2.31.1-0.4ubuntu3) ...
Setting up perl-base (5.26.1-6) ...
Setting up grep (3.1-2) ...
Setting up debconf (1.5.66) ...
Setting up gzip (1.6-5ubuntu1) ...
Setting up dash (0.5.8-2.10) ...
Removing 'diversion of /bin/sh to /bin/sh.distrib by bash'
Adding 'diversion of /bin/sh to /bin/sh.distrib by dash'
Removing 'diversion of /usr/share/man/man1/sh.1.gz to /usr/share/man/man1/sh.distrib.1.gz by bash'
Adding 'diversion of /usr/share/man/man1/sh.1.gz to /usr/share/man/man1/sh.distrib.1.gz by dash'
Setting up init-system-helpers (1.51) ...
Setting up libpam0g:amd64 (1.1.8-3.6ubuntu2) ...
Setting up util-linux (2.31.1-0.4ubuntu3) ...
update-alternatives: using /bin/more to provide /usr/bin/pager (pager) in auto mode
Setting up libpam-modules-bin (1.1.8-3.6ubuntu2) ...
Setting up mount (2.31.1-0.4ubuntu3) ...
Setting up procps (2:3.3.12-3ubuntu1) ...
update-alternatives: using /usr/bin/w.procps to provide /usr/bin/w (w) in auto mode
Setting up sysvinit-utils (2.88dsf-59.10ubuntu1) ...
Setting up libpam-modules:amd64 (1.1.8-3.6ubuntu2) ...
Setting up libpam-runtime (1.1.8-3.6ubuntu2) ...
Setting up passwd (1:4.5-1ubuntu1) ...
Shadow passwords are now on.
Setting up login (1:4.5-1ubuntu1) ...
Processing triggers for libc-bin (2.27-3ubuntu1) ...
(Reading database ... 3550 files and directories currently installed.)
Preparing to unpack .../libexpat1_2.2.5-3_amd64.deb ...
Unpacking libexpat1:amd64 (2.2.5-3) ...
Preparing to unpack .../libpython3.6-minimal_3.6.5-3_amd64.deb ...
Unpacking libpython3.6-minimal:amd64 (3.6.5-3) ...
Preparing to unpack .../libssl1.1_1.1.0g-2ubuntu4_amd64.deb ...
Unpacking libssl1.1:amd64 (1.1.0g-2ubuntu4) ...
Preparing to unpack .../python3-minimal_3.6.5-3_amd64.deb ...
Unpacking python3-minimal (3.6.5-3) ...
Preparing to unpack .../python3.6-minimal_3.6.5-3_amd64.deb ...
Unpacking python3.6-minimal (3.6.5-3) ...
Setting up libexpat1:amd64 (2.2.5-3) ...
Setting up libssl1.1:amd64 (1.1.0g-2ubuntu4) ...
Setting up libpython3.6-minimal:amd64 (3.6.5-3) ...
Setting up python3.6-minimal (3.6.5-3) ...
Setting up python3-minimal (3.6.5-3) ...
Processing triggers for libc-bin (2.27-3ubuntu1) ...
(Reading database ... 3828 files and directories currently installed.)
Preparing to unpack .../adduser_3.116ubuntu1_all.deb ...
Unpacking adduser (3.116ubuntu1) ...
Preparing to unpack .../libapparmor1_2.12-4ubuntu5_amd64.deb ...
Unpacking libapparmor1:amd64 (2.12-4ubuntu5) ...
Preparing to unpack .../libargon2-0_0~20161029-1.1_amd64.deb ...
Unpacking libargon2-0:amd64 (0~20161029-1.1) ...
Preparing to unpack .../libcap2_1%3a2.25-1.2_amd64.deb ...
Unpacking libcap2:amd64 (1:2.25-1.2) ...
Preparing to unpack .../libcryptsetup12_2%3a2.0.2-1ubuntu1_amd64.deb ...
Unpacking libcryptsetup12:amd64 (2:2.0.2-1ubuntu1) ...
Preparing to unpack .../libdevmapper1.02.1_2%3a1.02.145-4.1ubuntu3_amd64.deb ...
Unpacking libdevmapper1.02.1:amd64 (2:1.02.145-4.1ubuntu3) ...
Preparing to unpack .../libidn11_1.33-2.1ubuntu1_amd64.deb ...
Unpacking libidn11:amd64 (1.33-2.1ubuntu1) ...
Preparing to unpack .../libip4tc0_1.6.1-2ubuntu2_amd64.deb ...
Unpacking libip4tc0:amd64 (1.6.1-2ubuntu2) ...
Preparing to unpack .../libjson-c3_0.12.1-1.3_amd64.deb ...
Unpacking libjson-c3:amd64 (0.12.1-1.3) ...
Preparing to unpack .../libkmod2_24-1ubuntu3_amd64.deb ...
Unpacking libkmod2:amd64 (24-1ubuntu3) ...
Preparing to unpack .../libseccomp2_2.3.1-2.1ubuntu4_amd64.deb ...
Unpacking libseccomp2:amd64 (2.3.1-2.1ubuntu4) ...
Preparing to unpack .../systemd_237-3ubuntu10_amd64.deb ...
Unpacking systemd (237-3ubuntu10) ...
Setting up adduser (3.116ubuntu1) ...
Setting up libapparmor1:amd64 (2.12-4ubuntu5) ...
Setting up libargon2-0:amd64 (0~20161029-1.1) ...
Setting up libcap2:amd64 (1:2.25-1.2) ...
Setting up libdevmapper1.02.1:amd64 (2:1.02.145-4.1ubuntu3) ...
Setting up libidn11:amd64 (1.33-2.1ubuntu1) ...
Setting up libip4tc0:amd64 (1.6.1-2ubuntu2) ...
Setting up libjson-c3:amd64 (0.12.1-1.3) ...
Setting up libkmod2:amd64 (24-1ubuntu3) ...
Setting up libseccomp2:amd64 (2.3.1-2.1ubuntu4) ...
Setting up libcryptsetup12:amd64 (2:2.0.2-1ubuntu1) ...
Setting up systemd (237-3ubuntu10) ...
Created symlink /etc/systemd/system/getty.target.wants/getty@tty1.service -> /lib/systemd/system/getty@.service.
Created symlink /etc/systemd/system/multi-user.target.wants/remote-fs.target -> /lib/systemd/system/remote-fs.target.
Created symlink /etc/systemd/system/sysinit.target.wants/systemd-timesyncd.service -> /lib/systemd/system/systemd-timesyncd.service.
Created symlink /etc/systemd/system/dbus-org.freedesktop.resolve1.service -> /lib/systemd/system/systemd-resolved.service.
Created symlink /etc/systemd/system/multi-user.target.wants/systemd-resolved.service -> /lib/systemd/system/systemd-resolved.service.
Created symlink /etc/systemd/system/multi-user.target.wants/ondemand.service -> /lib/systemd/system/ondemand.service.
Initializing machine ID from random generator.
Processing triggers for libc-bin (2.27-3ubuntu1) ...
(Reading database ... 4681 files and directories currently installed.)
Preparing to unpack .../systemd-sysv_237-3ubuntu10_amd64.deb ...
Unpacking systemd-sysv (237-3ubuntu10) ...
Setting up systemd-sysv (237-3ubuntu10) ...
(Reading database ... 4698 files and directories currently installed.)
Preparing to unpack .../archives/apt_1.6.1_amd64.deb ...
Unpacking apt (1.6.1) ...
Preparing to unpack .../apt-utils_1.6.1_amd64.deb ...
Unpacking apt-utils (1.6.1) ...
Preparing to unpack .../busybox-initramfs_1%3a1.27.2-2ubuntu3_amd64.deb ...
Unpacking busybox-initramfs (1:1.27.2-2ubuntu3) ...
Preparing to unpack .../bzip2_1.0.6-8.1_amd64.deb ...
Unpacking bzip2 (1.0.6-8.1) ...
Preparing to unpack .../ca-certificates_20180409_all.deb ...
Unpacking ca-certificates (20180409) ...
Preparing to unpack .../console-setup_1.178ubuntu2_all.deb ...
Unpacking console-setup (1.178ubuntu2) ...
Preparing to unpack .../console-setup-linux_1.178ubuntu2_all.deb ...
Unpacking console-setup-linux (1.178ubuntu2) ...
Preparing to unpack .../cpio_2.12+dfsg-6_amd64.deb ...
Unpacking cpio (2.12+dfsg-6) ...
Preparing to unpack .../cron_3.0pl1-128.1ubuntu1_amd64.deb ...
Unpacking cron (3.0pl1-128.1ubuntu1) ...
Preparing to unpack .../dbus_1.12.2-1ubuntu1_amd64.deb ...
Unpacking dbus (1.12.2-1ubuntu1) ...
Preparing to unpack .../debconf-i18n_1.5.66_all.deb ...
Unpacking debconf-i18n (1.5.66) ...
Preparing to unpack .../distro-info-data_0.37_all.deb ...
Unpacking distro-info-data (0.37) ...
Preparing to unpack .../dmsetup_2%3a1.02.145-4.1ubuntu3_amd64.deb ...
Unpacking dmsetup (2:1.02.145-4.1ubuntu3) ...
Preparing to unpack .../eject_2.1.5+deb1+cvs20081104-13.2_amd64.deb ...
Unpacking eject (2.1.5+deb1+cvs20081104-13.2) ...
Preparing to unpack .../file_1%3a5.32-2_amd64.deb ...
Unpacking file (1:5.32-2) ...
Preparing to unpack .../gir1.2-glib-2.0_1.56.1-1_amd64.deb ...
Unpacking gir1.2-glib-2.0:amd64 (1.56.1-1) ...
Preparing to unpack .../gpgv_2.2.4-1ubuntu1_amd64.deb ...
Unpacking gpgv (2.2.4-1ubuntu1) ...
Preparing to unpack .../archives/init_1.51_amd64.deb ...
Unpacking init (1.51) ...
Preparing to unpack .../initramfs-tools_0.130ubuntu3_all.deb ...
Unpacking initramfs-tools (0.130ubuntu3) ...
Preparing to unpack .../initramfs-tools-bin_0.130ubuntu3_amd64.deb ...
Unpacking initramfs-tools-bin (0.130ubuntu3) ...
Preparing to unpack .../initramfs-tools-core_0.130ubuntu3_all.deb ...
Unpacking initramfs-tools-core (0.130ubuntu3) ...
Preparing to unpack .../iproute2_4.15.0-2ubuntu1_amd64.deb ...
Unpacking iproute2 (4.15.0-2ubuntu1) ...
Preparing to unpack .../iputils-ping_3%3a20161105-1ubuntu2_amd64.deb ...
Unpacking iputils-ping (3:20161105-1ubuntu2) ...
Preparing to unpack .../isc-dhcp-client_4.3.5-3ubuntu7_amd64.deb ...
Unpacking isc-dhcp-client (4.3.5-3ubuntu7) ...
Preparing to unpack .../isc-dhcp-common_4.3.5-3ubuntu7_amd64.deb ...
Unpacking isc-dhcp-common (4.3.5-3ubuntu7) ...
Preparing to unpack .../kbd_2.0.4-2ubuntu1_amd64.deb ...
Unpacking kbd (2.0.4-2ubuntu1) ...
Preparing to unpack .../keyboard-configuration_1.178ubuntu2_all.deb ...
Unpacking keyboard-configuration (1.178ubuntu2) ...
Preparing to unpack .../klibc-utils_2.0.4-9ubuntu2_amd64.deb ...
Adding 'diversion of /usr/share/initramfs-tools/hooks/klibc to /usr/share/initramfs-tools/hooks/klibc^i-t by klibc-utils'
Unpacking klibc-utils (2.0.4-9ubuntu2) ...
Preparing to unpack .../kmod_24-1ubuntu3_amd64.deb ...
Unpacking kmod (24-1ubuntu3) ...
Preparing to unpack .../less_487-0.1_amd64.deb ...
Unpacking less (487-0.1) ...
Preparing to unpack .../libapt-inst2.0_1.6.1_amd64.deb ...
Unpacking libapt-inst2.0:amd64 (1.6.1) ...
Preparing to unpack .../libapt-pkg5.0_1.6.1_amd64.deb ...
Unpacking libapt-pkg5.0:amd64 (1.6.1) ...
Preparing to unpack .../libatm1_1%3a2.5.1-2build1_amd64.deb ...
Unpacking libatm1:amd64 (1:2.5.1-2build1) ...
Preparing to unpack .../libbsd0_0.8.7-1_amd64.deb ...
Unpacking libbsd0:amd64 (0.8.7-1) ...
Preparing to unpack .../libcap2-bin_1%3a2.25-1.2_amd64.deb ...
Unpacking libcap2-bin (1:2.25-1.2) ...
Preparing to unpack .../libdbus-1-3_1.12.2-1ubuntu1_amd64.deb ...
Unpacking libdbus-1-3:amd64 (1.12.2-1ubuntu1) ...
Preparing to unpack .../libdns-export1100_1%3a9.11.3+dfsg-1ubuntu1_amd64.deb ...
Unpacking libdns-export1100 (1:9.11.3+dfsg-1ubuntu1) ...
Preparing to unpack .../libelf1_0.170-0.4_amd64.deb ...
Unpacking libelf1:amd64 (0.170-0.4) ...
Preparing to unpack .../libestr0_0.1.10-2.1_amd64.deb ...
Unpacking libestr0:amd64 (0.1.10-2.1) ...
Preparing to unpack .../libfastjson4_0.99.8-2_amd64.deb ...
Unpacking libfastjson4:amd64 (0.99.8-2) ...
Preparing to unpack .../libffi6_3.2.1-8_amd64.deb ...
Unpacking libffi6:amd64 (3.2.1-8) ...
Preparing to unpack .../libfribidi0_0.19.7-2_amd64.deb ...
Unpacking libfribidi0:amd64 (0.19.7-2) ...
Preparing to unpack .../libgirepository-1.0-1_1.56.1-1_amd64.deb ...
Unpacking libgirepository-1.0-1:amd64 (1.56.1-1) ...
Preparing to unpack .../libglib2.0-0_2.56.1-2ubuntu1_amd64.deb ...
Unpacking libglib2.0-0:amd64 (2.56.1-2ubuntu1) ...
Preparing to unpack .../libglib2.0-data_2.56.1-2ubuntu1_all.deb ...
Unpacking libglib2.0-data (2.56.1-2ubuntu1) ...
Preparing to unpack .../libgmp10_2%3a6.1.2+dfsg-2_amd64.deb ...
Unpacking libgmp10:amd64 (2:6.1.2+dfsg-2) ...
Preparing to unpack .../libgnutls30_3.5.18-1ubuntu1_amd64.deb ...
Unpacking libgnutls30:amd64 (3.5.18-1ubuntu1) ...
Preparing to unpack .../libhogweed4_3.4-1_amd64.deb ...
Unpacking libhogweed4:amd64 (3.4-1) ...
Preparing to unpack .../libicu60_60.2-3ubuntu3_amd64.deb ...
Unpacking libicu60:amd64 (60.2-3ubuntu3) ...
Preparing to unpack .../libidn2-0_2.0.4-1.1build2_amd64.deb ...
Unpacking libidn2-0:amd64 (2.0.4-1.1build2) ...
Preparing to unpack .../libisc-export169_1%3a9.11.3+dfsg-1ubuntu1_amd64.deb ...
Unpacking libisc-export169:amd64 (1:9.11.3+dfsg-1ubuntu1) ...
Preparing to unpack .../libklibc_2.0.4-9ubuntu2_amd64.deb ...
Unpacking libklibc (2.0.4-9ubuntu2) ...
Preparing to unpack .../liblocale-gettext-perl_1.07-3build2_amd64.deb ...
Unpacking liblocale-gettext-perl (1.07-3build2) ...
Preparing to unpack .../libmagic-mgc_1%3a5.32-2_amd64.deb ...
Unpacking libmagic-mgc (1:5.32-2) ...
Preparing to unpack .../libmagic1_1%3a5.32-2_amd64.deb ...
Unpacking libmagic1:amd64 (1:5.32-2) ...
Preparing to unpack .../libmnl0_1.0.4-2_amd64.deb ...
Unpacking libmnl0:amd64 (1.0.4-2) ...
Preparing to unpack .../libmpdec2_2.4.2-1ubuntu1_amd64.deb ...
Unpacking libmpdec2:amd64 (2.4.2-1ubuntu1) ...
Preparing to unpack .../libnettle6_3.4-1_amd64.deb ...
Unpacking libnettle6:amd64 (3.4-1) ...
Preparing to unpack .../libnewt0.52_0.52.20-1ubuntu1_amd64.deb ...
Unpacking libnewt0.52:amd64 (0.52.20-1ubuntu1) ...
Preparing to unpack .../libnss-systemd_237-3ubuntu10_amd64.deb ...
Unpacking libnss-systemd:amd64 (237-3ubuntu10) ...
Preparing to unpack .../libp11-kit0_0.23.9-2_amd64.deb ...
Unpacking libp11-kit0:amd64 (0.23.9-2) ...
Preparing to unpack .../libpam-cap_1%3a2.25-1.2_amd64.deb ...
Unpacking libpam-cap:amd64 (1:2.25-1.2) ...
Preparing to unpack .../libpam-systemd_237-3ubuntu10_amd64.deb ...
Unpacking libpam-systemd:amd64 (237-3ubuntu10) ...
Preparing to unpack .../libpopt0_1.16-11_amd64.deb ...
Unpacking libpopt0:amd64 (1.16-11) ...
Preparing to unpack .../libpython3-stdlib_3.6.5-3_amd64.deb ...
Unpacking libpython3-stdlib:amd64 (3.6.5-3) ...
Preparing to unpack .../libpython3.6-stdlib_3.6.5-3_amd64.deb ...
Unpacking libpython3.6-stdlib:amd64 (3.6.5-3) ...
Preparing to unpack .../libreadline7_7.0-3_amd64.deb ...
Unpacking libreadline7:amd64 (7.0-3) ...
Preparing to unpack .../libslang2_2.3.1a-3ubuntu1_amd64.deb ...
Unpacking libslang2:amd64 (2.3.1a-3ubuntu1) ...
Preparing to unpack .../libsqlite3-0_3.22.0-1_amd64.deb ...
Unpacking libsqlite3-0:amd64 (3.22.0-1) ...
Preparing to unpack .../libstdc++6_8-20180414-1ubuntu2_amd64.deb ...
Unpacking libstdc++6:amd64 (8-20180414-1ubuntu2) ...
Preparing to unpack .../libtasn1-6_4.13-2_amd64.deb ...
Unpacking libtasn1-6:amd64 (4.13-2) ...
Preparing to unpack .../libtext-charwidth-perl_0.04-7.1_amd64.deb ...
Unpacking libtext-charwidth-perl (0.04-7.1) ...
Preparing to unpack .../libtext-iconv-perl_1.7-5build6_amd64.deb ...
Unpacking libtext-iconv-perl (1.7-5build6) ...
Preparing to unpack .../libtext-wrapi18n-perl_0.06-7.1_all.deb ...
Unpacking libtext-wrapi18n-perl (0.06-7.1) ...
Preparing to unpack .../libunistring2_0.9.9-0ubuntu1_amd64.deb ...
Unpacking libunistring2:amd64 (0.9.9-0ubuntu1) ...
Preparing to unpack .../libxml2_2.9.4+dfsg1-6.1ubuntu1_amd64.deb ...
Unpacking libxml2:amd64 (2.9.4+dfsg1-6.1ubuntu1) ...
Preparing to unpack .../libxtables12_1.6.1-2ubuntu2_amd64.deb ...
Unpacking libxtables12:amd64 (1.6.1-2ubuntu2) ...
Preparing to unpack .../libyaml-0-2_0.1.7-2ubuntu3_amd64.deb ...
Unpacking libyaml-0-2:amd64 (0.1.7-2ubuntu3) ...
Preparing to unpack .../linux-base_4.5ubuntu1_all.deb ...
Unpacking linux-base (4.5ubuntu1) ...
Preparing to unpack .../locales_2.27-3ubuntu1_all.deb ...
Unpacking locales (2.27-3ubuntu1) ...
Preparing to unpack .../logrotate_3.11.0-0.1ubuntu1_amd64.deb ...
Unpacking logrotate (3.11.0-0.1ubuntu1) ...
Preparing to unpack .../lsb-release_9.20170808ubuntu1_all.deb ...
Unpacking lsb-release (9.20170808ubuntu1) ...
Preparing to unpack .../mime-support_3.60ubuntu1_all.deb ...
Unpacking mime-support (3.60ubuntu1) ...
Preparing to unpack .../archives/netbase_5.4_all.deb ...
Unpacking netbase (5.4) ...
Preparing to unpack .../netcat-openbsd_1.187-1_amd64.deb ...
Unpacking netcat-openbsd (1.187-1) ...
Preparing to unpack .../netplan.io_0.36.1_amd64.deb ...
Unpacking netplan.io (0.36.1) ...
Preparing to unpack .../networkd-dispatcher_1.7-0ubuntu3_all.deb ...
Unpacking networkd-dispatcher (1.7-0ubuntu3) ...
Preparing to unpack .../archives/nplan_0.36.1_all.deb ...
Unpacking nplan (0.36.1) ...
Preparing to unpack .../openssl_1.1.0g-2ubuntu4_amd64.deb ...
Unpacking openssl (1.1.0g-2ubuntu4) ...
Preparing to unpack .../python3_3.6.5-3_amd64.deb ...
Unpacking python3 (3.6.5-3) ...
Preparing to unpack .../python3-dbus_1.2.6-1_amd64.deb ...
Unpacking python3-dbus (1.2.6-1) ...
Preparing to unpack .../python3-gi_3.26.1-2_amd64.deb ...
Unpacking python3-gi (3.26.1-2) ...
Preparing to unpack .../python3-yaml_3.12-1build2_amd64.deb ...
Unpacking python3-yaml (3.12-1build2) ...
Preparing to unpack .../python3.6_3.6.5-3_amd64.deb ...
Unpacking python3.6 (3.6.5-3) ...
Preparing to unpack .../readline-common_7.0-3_all.deb ...
Unpacking readline-common (7.0-3) ...
Preparing to unpack .../rsyslog_8.32.0-1ubuntu4_amd64.deb ...
Unpacking rsyslog (8.32.0-1ubuntu4) ...
Preparing to unpack .../shared-mime-info_1.9-2_amd64.deb ...
Unpacking shared-mime-info (1.9-2) ...
Preparing to unpack .../sudo_1.8.21p2-3ubuntu1_amd64.deb ...
Unpacking sudo (1.8.21p2-3ubuntu1) ...
Preparing to unpack .../tzdata_2018d-1_all.deb ...
Unpacking tzdata (2018d-1) ...
Preparing to unpack .../ubuntu-advantage-tools_17_all.deb ...
Unpacking ubuntu-advantage-tools (17) ...
Preparing to unpack .../ubuntu-keyring_2018.02.28_all.deb ...
Unpacking ubuntu-keyring (2018.02.28) ...
Preparing to unpack .../ubuntu-minimal_1.417_amd64.deb ...
Unpacking ubuntu-minimal (1.417) ...
Preparing to unpack .../archives/ucf_3.0038_all.deb ...
Moving old data out of the way
Unpacking ucf (3.0038) ...
Preparing to unpack .../udev_237-3ubuntu10_amd64.deb ...
Unpacking udev (237-3ubuntu10) ...
Preparing to unpack .../vim-common_2%3a8.0.1453-1ubuntu1_all.deb ...
Unpacking vim-common (2:8.0.1453-1ubuntu1) ...
Preparing to unpack .../vim-tiny_2%3a8.0.1453-1ubuntu1_amd64.deb ...
Unpacking vim-tiny (2:8.0.1453-1ubuntu1) ...
Preparing to unpack .../whiptail_0.52.20-1ubuntu1_amd64.deb ...
Unpacking whiptail (0.52.20-1ubuntu1) ...
Preparing to unpack .../xdg-user-dirs_0.17-1ubuntu1_amd64.deb ...
Unpacking xdg-user-dirs (0.17-1ubuntu1) ...
Preparing to unpack .../xkb-data_2.23.1-1ubuntu1_all.deb ...
Unpacking xkb-data (2.23.1-1ubuntu1) ...
Preparing to unpack .../xxd_2%3a8.0.1453-1ubuntu1_amd64.deb ...
Unpacking xxd (2:8.0.1453-1ubuntu1) ...
Preparing to unpack .../xz-utils_5.2.2-1.3_amd64.deb ...
Unpacking xz-utils (5.2.2-1.3) ...
Processing triggers for libc-bin (2.27-3ubuntu1) ...
Processing triggers for systemd (237-3ubuntu10) ...
Setting up ubuntu-advantage-tools (17) ...
Setting up readline-common (7.0-3) ...
Setting up libnss-systemd:amd64 (237-3ubuntu10) ...
First installation detected...
Checking NSS setup...
Setting up libunistring2:amd64 (0.9.9-0ubuntu1) ...
Setting up libnettle6:amd64 (3.4-1) ...
Setting up cpio (2.12+dfsg-6) ...
update-alternatives: using /bin/mt-gnu to provide /bin/mt (mt) in auto mode
Setting up libpopt0:amd64 (1.16-11) ...
Setting up kmod (24-1ubuntu3) ...
Setting up libestr0:amd64 (0.1.10-2.1) ...
Setting up less (487-0.1) ...
Setting up libidn2-0:amd64 (2.0.4-1.1build2) ...
Setting up libpam-cap:amd64 (1:2.25-1.2) ...
Setting up mime-support (3.60ubuntu1) ...
Setting up xxd (2:8.0.1453-1ubuntu1) ...
Setting up sudo (1.8.21p2-3ubuntu1) ...
Setting up libfastjson4:amd64 (0.99.8-2) ...
Setting up isc-dhcp-common (4.3.5-3ubuntu7) ...
Setting up libreadline7:amd64 (7.0-3) ...
Setting up libcap2-bin (1:2.25-1.2) ...
Setting up libisc-export169:amd64 (1:9.11.3+dfsg-1ubuntu1) ...
Setting up tzdata (2018d-1) ...

Current default time zone: 'Etc/UTC'
Local time is now:      Thu Jul 30 06:00:30 UTC 2020.
Universal Time is now:  Thu Jul 30 06:00:30 UTC 2020.
Run 'dpkg-reconfigure tzdata' if you wish to change it.

Setting up init (1.51) ...
Setting up libklibc (2.0.4-9ubuntu2) ...
Setting up libelf1:amd64 (0.170-0.4) ...
Setting up gpgv (2.2.4-1ubuntu1) ...
Setting up xkb-data (2.23.1-1ubuntu1) ...
Setting up linux-base (4.5ubuntu1) ...
Setting up distro-info-data (0.37) ...
Setting up libbsd0:amd64 (0.8.7-1) ...
Setting up ucf (3.0038) ...
Setting up libtasn1-6:amd64 (4.13-2) ...
Setting up libmagic-mgc (1:5.32-2) ...
Setting up bzip2 (1.0.6-8.1) ...
Setting up libmagic1:amd64 (1:5.32-2) ...
Setting up netcat-openbsd (1.187-1) ...
update-alternatives: using /bin/nc.openbsd to provide /bin/nc (nc) in auto mode
Setting up busybox-initramfs (1:1.27.2-2ubuntu3) ...
Setting up libyaml-0-2:amd64 (0.1.7-2ubuntu3) ...
Setting up libgmp10:amd64 (2:6.1.2+dfsg-2) ...
Setting up libglib2.0-data (2.56.1-2ubuntu1) ...
Setting up libatm1:amd64 (1:2.5.1-2build1) ...
Setting up libxtables12:amd64 (1.6.1-2ubuntu2) ...
Setting up udev (237-3ubuntu10) ...
A chroot environment has been detected, udev not started.
Setting up xz-utils (5.2.2-1.3) ...
update-alternatives: using /usr/bin/xz to provide /usr/bin/lzma (lzma) in auto mode
Setting up libtext-iconv-perl (1.7-5build6) ...
Setting up libdns-export1100 (1:9.11.3+dfsg-1ubuntu1) ...
Setting up openssl (1.1.0g-2ubuntu4) ...
Setting up vim-common (2:8.0.1453-1ubuntu1) ...
Setting up libsqlite3-0:amd64 (3.22.0-1) ...
Setting up libfribidi0:amd64 (0.19.7-2) ...
Setting up liblocale-gettext-perl (1.07-3build2) ...
Setting up dmsetup (2:1.02.145-4.1ubuntu3) ...
update-initramfs: deferring update (trigger activated)
Setting up libstdc++6:amd64 (8-20180414-1ubuntu2) ...
Setting up libffi6:amd64 (3.2.1-8) ...
Setting up libtext-charwidth-perl (0.04-7.1) ...
Setting up initramfs-tools-bin (0.130ubuntu3) ...
Setting up ca-certificates (20180409) ...
Updating certificates in /etc/ssl/certs...
133 added, 0 removed; done.
Setting up libslang2:amd64 (2.3.1a-3ubuntu1) ...
Setting up cron (3.0pl1-128.1ubuntu1) ...
Adding group `crontab' (GID 105) ...
Done.
Created symlink /etc/systemd/system/multi-user.target.wants/cron.service -> /lib/systemd/system/cron.service.
update-rc.d: warning: start and stop actions are no longer supported; falling back to defaults
Running in chroot, ignoring request.
invoke-rc.d: policy-rc.d denied execution of start.
Setting up libmnl0:amd64 (1.0.4-2) ...
Setting up xdg-user-dirs (0.17-1ubuntu1) ...
Setting up locales (2.27-3ubuntu1) ...
Generating locales (this might take a while)...
Generation complete.
Setting up logrotate (3.11.0-0.1ubuntu1) ...
Setting up libmpdec2:amd64 (2.4.2-1ubuntu1) ...
Setting up rsyslog (8.32.0-1ubuntu4) ...

Creating config file /etc/rsyslog.d/50-default.conf with new version
Adding user `syslog' to group `adm' ...
Adding user syslog to group adm
Done.
Created symlink /etc/systemd/system/syslog.service -> /lib/systemd/system/rsyslog.service.
Created symlink /etc/systemd/system/multi-user.target.wants/rsyslog.service -> /lib/systemd/system/rsyslog.service.
Running in chroot, ignoring request.
invoke-rc.d: policy-rc.d denied execution of start.
Setting up ubuntu-keyring (2018.02.28) ...
Setting up libdbus-1-3:amd64 (1.12.2-1ubuntu1) ...
Setting up eject (2.1.5+deb1+cvs20081104-13.2) ...
Setting up netbase (5.4) ...
Setting up iputils-ping (3:20161105-1ubuntu2) ...
Setting up vim-tiny (2:8.0.1453-1ubuntu1) ...
update-alternatives: using /usr/bin/vim.tiny to provide /usr/bin/rview (rview) in auto mode
update-alternatives: using /usr/bin/vim.tiny to provide /usr/bin/vi (vi) in auto mode
update-alternatives: using /usr/bin/vim.tiny to provide /usr/bin/view (view) in auto mode
update-alternatives: using /usr/bin/vim.tiny to provide /usr/bin/ex (ex) in auto mode
update-alternatives: using /usr/bin/vim.tiny to provide /usr/bin/editor (editor) in auto mode
Setting up libapt-pkg5.0:amd64 (1.6.1) ...
Setting up libpython3.6-stdlib:amd64 (3.6.5-3) ...
Setting up libapt-inst2.0:amd64 (1.6.1) ...
Setting up keyboard-configuration (1.178ubuntu2) ...
%@Couldn't get a file descriptor referring to the console
update-initramfs: deferring update (trigger activated)
Setting up libicu60:amd64 (60.2-3ubuntu3) ...
Setting up klibc-utils (2.0.4-9ubuntu2) ...
Setting up python3.6 (3.6.5-3) ...
Setting up initramfs-tools-core (0.130ubuntu3) ...
Setting up libglib2.0-0:amd64 (2.56.1-2ubuntu1) ...
No schema files found: doing nothing.
Setting up initramfs-tools (0.130ubuntu3) ...
update-initramfs: deferring update (trigger activated)
Setting up file (1:5.32-2) ...
Setting up iproute2 (4.15.0-2ubuntu1) ...
Setting up libgirepository-1.0-1:amd64 (1.56.1-1) ...
Setting up libxml2:amd64 (2.9.4+dfsg1-6.1ubuntu1) ...
Setting up isc-dhcp-client (4.3.5-3ubuntu7) ...
Setting up libhogweed4:amd64 (3.4-1) ...
Setting up gir1.2-glib-2.0:amd64 (1.56.1-1) ...
Setting up libtext-wrapi18n-perl (0.06-7.1) ...
Setting up libp11-kit0:amd64 (0.23.9-2) ...
Setting up shared-mime-info (1.9-2) ...
Setting up dbus (1.12.2-1ubuntu1) ...
Setting up libnewt0.52:amd64 (0.52.20-1ubuntu1) ...
update-alternatives: using /etc/newt/palette.ubuntu to provide /etc/newt/palette (newt-palette) in auto mode
Setting up libpython3-stdlib:amd64 (3.6.5-3) ...
Setting up libpam-systemd:amd64 (237-3ubuntu10) ...
Setting up python3 (3.6.5-3) ...
Setting up debconf-i18n (1.5.66) ...
Setting up whiptail (0.52.20-1ubuntu1) ...
Setting up libgnutls30:amd64 (3.5.18-1ubuntu1) ...
Setting up python3-gi (3.26.1-2) ...
Setting up lsb-release (9.20170808ubuntu1) ...
Setting up apt (1.6.1) ...
Created symlink /etc/systemd/system/timers.target.wants/apt-daily-upgrade.timer -> /lib/systemd/system/apt-daily-upgrade.timer.
Created symlink /etc/systemd/system/timers.target.wants/apt-daily.timer -> /lib/systemd/system/apt-daily.timer.
Setting up python3-yaml (3.12-1build2) ...
Setting up python3-dbus (1.2.6-1) ...
Setting up apt-utils (1.6.1) ...
Setting up netplan.io (0.36.1) ...
Setting up nplan (0.36.1) ...
Setting up networkd-dispatcher (1.7-0ubuntu3) ...
Created symlink /etc/systemd/system/multi-user.target.wants/networkd-dispatcher.service -> /lib/systemd/system/networkd-dispatcher.service.
Setting up kbd (2.0.4-2ubuntu1) ...
Setting up console-setup-linux (1.178ubuntu2) ...
update-alternatives: using /etc/console-setup/vtrgb to provide /etc/vtrgb (vtrgb) in auto mode
Created symlink /etc/systemd/system/sysinit.target.wants/keyboard-setup.service -> /lib/systemd/system/keyboard-setup.service.
Created symlink /etc/systemd/system/multi-user.target.wants/console-setup.service -> /lib/systemd/system/console-setup.service.
Created symlink /etc/systemd/system/sysinit.target.wants/setvtrgb.service -> /lib/systemd/system/setvtrgb.service.
Setting up console-setup (1.178ubuntu2) ...
update-initramfs: deferring update (trigger activated)
Setting up ubuntu-minimal (1.417) ...
Processing triggers for libc-bin (2.27-3ubuntu1) ...
Processing triggers for systemd (237-3ubuntu10) ...
Processing triggers for ca-certificates (20180409) ...
Updating certificates in /etc/ssl/certs...
0 added, 0 removed; done.
Running hooks in /etc/ca-certificates/update.d...
done.
Processing triggers for initramfs-tools (0.130ubuntu3) ...
